"../../../Engine/Content/Functions/Engine_MaterialFunctions02/Math/CreateThirdOrthogonalVector.uasset" 0
"../../../Engine/Content/Functions/Engine_MaterialFunctions02/Math/InverseTransformMatrix.uasset" 1
"../../../Engine/Content/Functions/Engine_MaterialFunctions02/Utility/VectorLength.uasset" 2
"../../../Engine/Content/Functions/Engine_MaterialFunctions02/WorldPositionOffset/ObjectScale.uasset" 3
"../../../Engine/Content/ArtTools/RenderToTexture/MaterialFunctions/BoundingSphere_LightTransform.uasset" 4
"../../../Engine/Content/Functions/Engine_MaterialFunctions02/Utility/BreakOutFloat2Components.uasset" 5
"../../../Engine/Content/ArtTools/RenderToTexture/MaterialFunctions/CheckerPattern.uasset" 6
"../../../Engine/Content/ArtTools/RenderToTexture/MaterialFunctions/UnwrapUVsForRender.uasset" 7
"../../../Engine/Content/Functions/Engine_MaterialFunctions01/Texturing/ComputeMipLevel.uasset" 8
"../../../Engine/Content/Functions/Engine_MaterialFunctions01/Texturing/ScaleUVsByCenter.uasset" 9
"../../../Engine/Content/EngineMaterials/DefaultDiffuse.uasset" 10
"../../../Engine/Content/Functions/Engine_MaterialFunctions01/Texturing/TextureCropping.uasset" 11
"../../../Engine/Content/Functions/Engine_MaterialFunctions02/ObjectLocalBounds.uasset" 12
"../../../Engine/Content/Functions/Engine_MaterialFunctions02/ExampleContent/DebugNumberStrip.uasset" 13
"../../../Engine/Content/Functions/Engine_MaterialFunctions02/ExampleContent/Textures/DebugNumberPeriod.uasset" 14
"../../../Engine/Content/Functions/Engine_MaterialFunctions02/Utility/DebugScalarValues.uasset" 15
"../../../Engine/Content/ArtTools/RenderToTexture/Materials/M_CompareUVtoLocalSpaceDensity_01.uasset" 16
"../../../Engine/Content/ArtTools/RenderToTexture/Materials/M_CompareUVtoLocalSpaceDensity_01_Inst.uasset" 17
"../../../Engine/Content/ArtTools/RenderToTexture/Textures/TilingTexturePreview.uasset" 18
"../../../Engine/Content/ArtTools/RenderToTexture/Materials/M_TilingPreviewMat_01.uasset" 19
"../../../Engine/Content/Functions/Engine_MaterialFunctions02/Math/TimeWithSpeedVariable.uasset" 20
"../../../Engine/Content/ArtTools/RenderToTexture/Textures/127grey.uasset" 21
"../../../Engine/Content/Functions/Engine_MaterialFunctions02/ExampleContent/Textures/flipbook.uasset" 22
"../../../Engine/Content/Functions/Engine_MaterialFunctions02/Texturing/FlipBook_MotionVectors.uasset" 23
"../../../Engine/Content/ArtTools/RenderToTexture/Materials/Flipbooks/M_FlipbookPreview_01.uasset" 24
"../../../Engine/Content/ArtTools/RenderToTexture/Materials/Flipbooks/M_FlipbookPreview_01_Inst.uasset" 25
"../../../Engine/Content/Functions/Engine_MaterialFunctions01/Opacity/CameraDepthFade.uasset" 26
"../../../Engine/Content/EngineMaterials/T_Default_Material_Grid_M.uasset" 27
"../../../Engine/Content/EngineMaterials/T_Default_Material_Grid_N.uasset" 28
"../../../Engine/Content/EngineMaterials/WorldGridMaterial.uasset" 29
"../../../Engine/Content/ArtTools/RenderToTexture/Meshes/S_1_Unit_Plane.uasset" 30
"../../../Engine/Content/EngineMaterials/DefaultMaterial.uasset" 31
"../../../Engine/Content/BasicShapes/Cone.uasset" 32
"../../../Engine/Content/BasicShapes/Cylinder.uasset" 33
"../../../Engine/Content/BasicShapes/Plane.uasset" 34
"../../../Engine/Content/BasicShapes/Sphere.uasset" 35
"../../../Engine/Content/EngineMaterials/DefaultPhysicalMaterial.uasset" 36
"../../../Engine/Content/BufferVisualization/AmbientOcclusion.uasset" 37
"../../../Engine/Content/BufferVisualization/BaseColor.uasset" 38
"../../../Engine/Content/BufferVisualization/CustomDepth.uasset" 39
"../../../Engine/Content/BufferVisualization/CustomDepthWorldUnits.uasset" 40
"../../../Engine/Content/Functions/Engine_MaterialFunctions02/ScreenResolution.uasset" 41
"../../../Engine/Content/Functions/Engine_MaterialFunctions02/Texturing/ScreenAlignedUVs.uasset" 42
"../../../Engine/Content/Functions/Engine_MaterialFunctions02/Utility/MakeFloat2.uasset" 43
"../../../Engine/Content/Functions/Engine_MaterialFunctions02/Utility/MakeFloat3.uasset" 44
"../../../Engine/Content/EngineMaterials/MiniFont.uasset" 45
"../../../Engine/Content/BufferVisualization/CustomStencil.uasset" 46
"../../../Engine/Content/BufferVisualization/FinalImage.uasset" 47
"../../../Engine/Content/BufferVisualization/LightingModel.uasset" 48
"../../../Engine/Content/BufferVisualization/MaterialAO.uasset" 49
"../../../Engine/Content/BufferVisualization/Metallic.uasset" 50
"../../../Engine/Content/BufferVisualization/Opacity.uasset" 51
"../../../Engine/Content/BufferVisualization/PostTonemapHDRColor.uasset" 52
"../../../Engine/Content/BufferVisualization/PreTonemapHDRColor.uasset" 53
"../../../Engine/Content/BufferVisualization/Roughness.uasset" 54
"../../../Engine/Content/BufferVisualization/SceneColor.uasset" 55
"../../../Engine/Content/BufferVisualization/SceneDepth.uasset" 56
"../../../Engine/Content/BufferVisualization/SceneDepthWorldUnits.uasset" 57
"../../../Engine/Content/BufferVisualization/SeparateTranslucencyA.uasset" 58
"../../../Engine/Content/BufferVisualization/SeparateTranslucencyRGB.uasset" 59
"../../../Engine/Content/BufferVisualization/Specular.uasset" 60
"../../../Engine/Content/BufferVisualization/SubsurfaceColor.uasset" 61
"../../../Engine/Content/BufferVisualization/WorldNormal.uasset" 62
"../../../Engine/Content/EditorLandscapeResources/DataLayer.uasset" 63
"../../../Engine/Content/EditorLandscapeResources/DefaultAlphaTexture.uasset" 64
"../../../Engine/Content/EditorLandscapeResources/LandscapeGizmo_Mat.uasset" 65
"../../../Engine/Content/EditorLandscapeResources/LandscapeGizmo_Mat_Copied.uasset" 66
"../../../Engine/Content/EditorLandscapeResources/SplineEditorMeshMat.uasset" 67
"../../../Engine/Content/EditorLandscapeResources/SplineEditorMesh.uasset" 68
"../../../Engine/Content/EditorMaterials/Cross.uasset" 69
"../../../Engine/Content/EditorMaterials/Cross_Mat.uasset" 70
"../../../Engine/Content/EditorMaterials/GizmoMaterial.uasset" 71
"../../../Engine/Content/Functions/Engine_MaterialFunctions02/Utility/Sign.uasset" 72
"../../../Engine/Content/Functions/Engine_MaterialFunctions02/Utility/Round.uasset" 73
"../../../Engine/Content/Functions/Engine_MaterialFunctions02/Texturing/FlipBook.uasset" 74
"../../../Engine/Content/EditorResources/T_EditorHelp.uasset" 75
"../../../Engine/Content/EditorMaterials/HelpActorMaterial.uasset" 76
"../../../Engine/Content/EditorMaterials/CompositeARGBLayer.uasset" 77
"../../../Engine/Content/EditorMaterials/TilingAALineIntegral.uasset" 78
"../../../Engine/Content/EditorMaterials/TilingAALineBoxFiltered.uasset" 79
"../../../Engine/Content/Functions/Engine_MaterialFunctions03/Procedurals/ComputeFilterWidth.uasset" 80
"../../../Engine/Content/EditorMaterials/TilingAADots.uasset" 81
"../../../Engine/Content/EditorMaterials/Cascade/CASC_Cross.uasset" 82
"../../../Engine/Content/EditorMaterials/Cascade/CASC_None.uasset" 83
"../../../Engine/Content/Functions/Engine_MaterialFunctions03/Blends/Blend_Screen.uasset" 84
"../../../Engine/Content/EditorMaterials/TilingAAGrid.uasset" 85
"../../../Engine/Content/EditorMaterials/LevelGridMaterial.uasset" 86
"../../../Engine/Content/EditorMaterials/MakeCompositeARGBLayer.uasset" 87
"../../../Engine/Content/EditorResources/LevelGrid1DStripes.uasset" 88
"../../../Engine/Content/EditorMaterials/TextureGridCascaded1D.uasset" 89
"../../../Engine/Content/EditorMaterials/TextureGridCascaded2D.uasset" 90
"../../../Engine/Content/EditorMaterials/LevelGridMaterial2.uasset" 91
"../../../Engine/Content/EditorMaterials/MAT_Groups_Toggle.uasset" 92
"../../../Engine/Content/EditorMaterials/MAT_Groups_Visibility.uasset" 93
"../../../Engine/Content/EditorMaterials/PhAT_BoneSelectedMaterial.uasset" 94
"../../../Engine/Content/EditorMaterials/PhAT_ElemSelectedMaterial.uasset" 95
"../../../Engine/Content/EditorMaterials/PhAT_NoCollisionMaterial.uasset" 96
"../../../Engine/Content/EditorMaterials/PhAT_UnselectedMaterial.uasset" 97
"../../../Engine/Content/EditorMaterials/PreviewShadowIndicator.uasset" 98
"../../../Engine/Content/EditorMaterials/PreviewShadowIndicatorMaterial.uasset" 99
"../../../Engine/Content/EditorMaterials/TargetIcon.uasset" 100
"../../../Engine/Content/EditorMaterials/Tick.uasset" 101
"../../../Engine/Content/EditorMaterials/Tick_Mat.uasset" 102
"../../../Engine/Content/EditorMaterials/WidgetGridVertexColorMaterial.uasset" 103
"../../../Engine/Content/EditorMaterials/WidgetGridVertexColorMaterial_Ma.uasset" 104
"../../../Engine/Content/EditorMaterials/WidgetMaterial.uasset" 105
"../../../Engine/Content/EditorMaterials/WidgetMaterial_Current.uasset" 106
"../../../Engine/Content/EditorMaterials/WidgetMaterial_X.uasset" 107
"../../../Engine/Content/EditorMaterials/WidgetMaterial_Y.uasset" 108
"../../../Engine/Content/EditorMaterials/WidgetMaterial_Z.uasset" 109
"../../../Engine/Content/EditorMaterials/WidgetVertexColorMaterial.uasset" 110
"../../../Engine/Content/EditorMaterials/AssetViewer/EpicQuadPanorama_CC+EV1.uasset" 111
"../../../Engine/Content/EditorMaterials/MatineeGroups/MAT_ColorTrack.uasset" 112
"../../../Engine/Content/EditorMaterials/MatineeGroups/MAT_Groups_Anim.uasset" 113
"../../../Engine/Content/EditorMaterials/MatineeGroups/MAT_Groups_AudioMaster.uasset" 114
"../../../Engine/Content/EditorMaterials/MatineeGroups/MAT_Groups_Director.uasset" 115
"../../../Engine/Content/EditorMaterials/MatineeGroups/MAT_Groups_Event.uasset" 116
"../../../Engine/Content/EditorMaterials/MatineeGroups/MAT_Groups_Fade.uasset" 117
"../../../Engine/Content/EditorMaterials/MatineeGroups/MAT_Groups_Float.uasset" 118
"../../../Engine/Content/EditorMaterials/MatineeGroups/MAT_Groups_Move.uasset" 119
"../../../Engine/Content/EditorMaterials/MatineeGroups/MAT_Groups_Slomo.uasset" 120
"../../../Engine/Content/EditorMaterials/MatineeGroups/MAT_Groups_Sound.uasset" 121
"../../../Engine/Content/EditorMaterials/MatineeGroups/MAT_Groups_Vector.uasset" 122
"../../../Engine/Content/EditorMaterials/ParticleSystems/PSysThumbnail_NoImage.uasset" 123
"../../../Engine/Content/EditorMaterials/ParticleSystems/PSysThumbnail_OOD.uasset" 124
"../../../Engine/Content/EngineMaterials/Grid.uasset" 125
"../../../Engine/Content/EditorMaterials/Thumbnails/FloorPlaneMaterial.uasset" 126
"../../../Engine/Content/EditorMeshes/EditorCylinder.uasset" 127
"../../../Engine/Content/EditorMeshes/EditorPlane.uasset" 128
"../../../Engine/Content/EditorMaterials/Thumbnails/SkySphereMaterial.uasset" 129
"../../../Engine/Content/EditorMeshes/EditorSkySphere.uasset" 130
"../../../Engine/Content/EditorMeshes/EditorSphere.uasset" 131
"../../../Engine/Content/EditorResources/MatineeCam_D.uasset" 132
"../../../Engine/Content/EditorMaterials/MatineeCam_mat.uasset" 133
"../../../Engine/Content/EditorMeshes/MatineeCam_SM.uasset" 134
"../../../Engine/Content/EditorMaterials/Camera/CineMat.uasset" 135
"../../../Engine/Content/EditorMaterials/Camera/MI_CineMat_CameraBody.uasset" 136
"../../../Engine/Content/EngineDebugMaterials/M_SimpleOpaque.uasset" 137
"../../../Engine/Content/EditorMaterials/Camera/MI_CineMat_CamViewFinder.uasset" 138
"../../../Engine/Content/EditorMeshes/Camera/SM_CineCam.uasset" 139
"../../../Engine/Content/EditorMaterials/Camera/MI_CineMat_Rig.uasset" 140
"../../../Engine/Content/EditorMeshes/Camera/SM_CraneRig_Arm.uasset" 141
"../../../Engine/Content/EditorMeshes/Camera/SM_CraneRig_Base.uasset" 142
"../../../Engine/Content/EditorMeshes/Camera/SM_CraneRig_Body.uasset" 143
"../../../Engine/Content/EditorMeshes/Camera/SM_CraneRig_Mount.uasset" 144
"../../../Engine/Content/EditorMeshes/Camera/SM_RailRig_Mount.uasset" 145
"../../../Engine/Content/EditorMeshes/Camera/SM_RailRig_Track.uasset" 146
"../../../Engine/Content/EditorMeshes/ColorCalibrator/M_ChromeBall.uasset" 147
"../../../Engine/Content/EditorMeshes/ColorCalibrator/M_ClearCoat.uasset" 148
"../../../Engine/Content/EditorMeshes/ColorCalibrator/M_ClearCoatBlack.uasset" 149
"../../../Engine/Content/EditorMeshes/ColorCalibrator/T_ColorGrid.uasset" 150
"../../../Engine/Content/EditorMeshes/ColorCalibrator/M_ColorGrid.uasset" 151
"../../../Engine/Content/EditorMeshes/ColorCalibrator/M_GreyBall.uasset" 152
"../../../Engine/Content/EditorMeshes/ColorCalibrator/SM_ColorCalibrator.uasset" 153
"../../../Engine/Content/EditorResources/Bad.uasset" 154
"../../../Engine/Content/EditorResources/BSPVertex.uasset" 155
"../../../Engine/Content/EditorResources/EmptyActor.uasset" 156
"../../../Engine/Content/EditorResources/MatInstActSprite.uasset" 157
"../../../Engine/Content/EditorResources/SceneManager.uasset" 158
"../../../Engine/Content/EditorResources/SmallFont.uasset" 159
"../../../Engine/Content/EditorResources/S_Actor.uasset" 160
"../../../Engine/Content/EditorResources/S_DecalActorIcon.uasset" 161
"../../../Engine/Content/EditorResources/S_Emitter.uasset" 162
"../../../Engine/Content/EditorResources/S_ExpoHeightFog.uasset" 163
"../../../Engine/Content/EditorResources/S_FTest.uasset" 164
"../../../Engine/Content/EditorResources/S_KBSJoint.uasset" 165
"../../../Engine/Content/EditorResources/S_KHinge.uasset" 166
"../../../Engine/Content/EditorResources/S_KPrismatic.uasset" 167
"../../../Engine/Content/EditorResources/S_LevelSequence.uasset" 168
"../../../Engine/Content/EditorResources/S_NavP.uasset" 169
"../../../Engine/Content/EditorResources/S_Note.uasset" 170
"../../../Engine/Content/EditorResources/S_Player.uasset" 171
"../../../Engine/Content/EditorResources/S_PortalActorIcon2.uasset" 172
"../../../Engine/Content/EditorResources/S_RadForce.uasset" 173
"../../../Engine/Content/EditorResources/S_ReflActorIcon.uasset" 174
"../../../Engine/Content/EditorResources/S_Terrain.uasset" 175
"../../../Engine/Content/EditorResources/S_TextRenderActorIcon.uasset" 176
"../../../Engine/Content/EditorResources/S_Thruster.uasset" 177
"../../../Engine/Content/EditorResources/S_Trigger.uasset" 178
"../../../Engine/Content/EditorResources/S_VectorFieldVol.uasset" 179
"../../../Engine/Content/EditorResources/S_WindDirectional.uasset" 180
"../../../Engine/Content/EditorResources/AI/S_NavLink.uasset" 181
"../../../Engine/Content/EditorResources/LightIcons/SkyLight.uasset" 182
"../../../Engine/Content/EditorResources/LightIcons/S_LightDirectional.uasset" 183
"../../../Engine/Content/EditorResources/LightIcons/S_LightDirectionalMove.uasset" 184
"../../../Engine/Content/EditorResources/LightIcons/S_LightError.uasset" 185
"../../../Engine/Content/EditorResources/LightIcons/S_LightPoint.uasset" 186
"../../../Engine/Content/EditorResources/LightIcons/S_LightPointMove.uasset" 187
"../../../Engine/Content/EditorResources/LightIcons/S_LightSpot.uasset" 188
"../../../Engine/Content/EditorResources/LightIcons/S_LightSpotMove.uasset" 189
"../../../Engine/Content/EditorResources/SequenceRecorder/Countdown.uasset" 190
"../../../Engine/Content/EditorResources/SequenceRecorder/RecordingIndicator.uasset" 191
"../../../Engine/Content/EditorResources/Spline/T_Loft_Spline.uasset" 192
"../../../Engine/Content/EditorSounds/GamePreview/EjectFromPlayer.uasset" 193
"../../../Engine/Content/EditorSounds/GamePreview/EjectFromPlayer_Cue.uasset" 194
"../../../Engine/Content/EditorSounds/GamePreview/EndPlayInEditor.uasset" 195
"../../../Engine/Content/EditorSounds/GamePreview/EndPlayInEditor_Cue.uasset" 196
"../../../Engine/Content/EditorSounds/GamePreview/EndSimulate.uasset" 197
"../../../Engine/Content/EditorSounds/GamePreview/EndSimulate_Cue.uasset" 198
"../../../Engine/Content/EditorSounds/Notifications/CompileFailed.uasset" 199
"../../../Engine/Content/EditorSounds/Notifications/CompileFailed_Cue.uasset" 200
"../../../Engine/Content/EditorSounds/Notifications/CompileSuccess.uasset" 201
"../../../Engine/Content/EditorSounds/Notifications/CompileStart_Cue.uasset" 202
"../../../Engine/Content/EditorSounds/Notifications/CompileSuccess_Cue.uasset" 203
"../../../Engine/Content/EngineDamageTypes/DmgTypeBP_Environmental.uasset" 204
"../../../Engine/Content/EngineDebugMaterials/HeatmapGradient.uasset" 205
"../../../Engine/Content/EngineDebugMaterials/BoneWeightMaterial.uasset" 206
"../../../Engine/Content/EngineDebugMaterials/ClothMaterial.uasset" 207
"../../../Engine/Content/EngineDebugMaterials/DebugMeshMaterial.uasset" 208
"../../../Engine/Content/EngineDebugMaterials/GeomMaterial.uasset" 209
"../../../Engine/Content/Functions/Engine_MaterialFunctions01/Shading/ConvertFromDiffSpec.uasset" 210
"../../../Engine/Content/EngineDebugMaterials/LevelColorationLitMaterial.uasset" 211
"../../../Engine/Content/EngineDebugMaterials/LevelColorationUnlitMaterial.uasset" 212
"../../../Engine/Content/EngineMaterials/DefaultWhiteGrid.uasset" 213
"../../../Engine/Content/EngineDebugMaterials/MAT_LevelColorationLitLightmapUV.uasset" 214
"../../../Engine/Content/EngineDebugMaterials/M_SimpleTranslucent.uasset" 215
"../../../Engine/Content/EngineDebugMaterials/ShadedLevelColorationLitMaterial.uasset" 216
"../../../Engine/Content/EngineDebugMaterials/ShadedLevelColorationUnlitMateri.uasset" 217
"../../../Engine/Content/EngineDebugMaterials/VertexColorMaterial.uasset" 218
"../../../Engine/Content/EngineDebugMaterials/VertexColorViewMode_AlphaAsColor.uasset" 219
"../../../Engine/Content/EngineDebugMaterials/VertexColorViewMode_BlueOnly.uasset" 220
"../../../Engine/Content/EngineDebugMaterials/VertexColorViewMode_ColorOnly.uasset" 221
"../../../Engine/Content/EngineDebugMaterials/VertexColorViewMode_GreenOnly.uasset" 222
"../../../Engine/Content/EngineDebugMaterials/VertexColorViewMode_RedOnly.uasset" 223
"../../../Engine/Content/EngineDebugMaterials/WireframeMaterial.uasset" 224
"../../../Engine/Content/EngineFonts/Faces/RobotoBold.uasset" 225
"../../../Engine/Content/EngineFonts/Faces/RobotoBoldItalic.uasset" 226
"../../../Engine/Content/EngineFonts/Faces/RobotoItalic.uasset" 227
"../../../Engine/Content/EngineFonts/Faces/RobotoLight.uasset" 228
"../../../Engine/Content/EngineFonts/Faces/RobotoRegular.uasset" 229
"../../../Engine/Content/EngineFonts/Roboto.uasset" 230
"../../../Engine/Content/EngineFonts/Faces/RobotoTiny.uasset" 231
"../../../Engine/Content/EngineFonts/RobotoTiny.uasset" 232
"../../../Engine/Content/EngineFonts/SmallFont.uasset" 233
"../../../Engine/Content/EngineFonts/TinyFont.uasset" 234
"../../../Engine/Content/EngineResources/WhiteSquareTexture.uasset" 235
"../../../Engine/Content/EngineMaterials/BlinkingCaret.uasset" 236
"../../../Engine/Content/EngineMaterials/DefaultBloomKernel.uasset" 237
"../../../Engine/Content/EngineMaterials/DefaultBokeh.uasset" 238
"../../../Engine/Content/EngineMaterials/DefaultDeferredDecalMaterial.uasset" 239
"../../../Engine/Content/EngineMaterials/DefaultLightFunctionMaterial.uasset" 240
"../../../Engine/Content/EngineMaterials/DefaultNormal.uasset" 241
"../../../Engine/Content/EngineMaterials/DefaultPostProcessMaterial.uasset" 242
"../../../Engine/Content/EngineFonts/RobotoDistanceField.uasset" 243
"../../../Engine/Content/EngineMaterials/DefaultTextMaterialOpaque.uasset" 244
"../../../Engine/Content/EngineMaterials/EditorBrushMaterial.uasset" 245
"../../../Engine/Content/EngineMaterials/EmissiveTexturedMaterial.uasset" 246
"../../../Engine/Content/EngineMaterials/Good64x64TilingNoiseHighFreq.uasset" 247
"../../../Engine/Content/EngineMaterials/Grid_N.uasset" 248
"../../../Engine/Content/EngineMaterials/HighResolutionScreenshotMaskFunction.uasset" 249
"../../../Engine/Content/EngineMaterials/HighResScreenshot.uasset" 250
"../../../Engine/Content/EngineMaterials/HighResScreenshotCaptureRegion.uasset" 251
"../../../Engine/Content/EngineMaterials/HighResScreenshotMask.uasset" 252
"../../../Engine/Content/EngineMaterials/LandscapeHolePhysicalMaterial.uasset" 253
"../../../Engine/Content/EngineMaterials/InvalidLightmapSettings.uasset" 254
"../../../Engine/Content/EngineMaterials/M_InvalidLightmapSettings.uasset" 255
"../../../Engine/Content/EngineMaterials/PaperDiffuse.uasset" 256
"../../../Engine/Content/EngineMaterials/PaperNormal.uasset" 257
"../../../Engine/Content/EngineMaterials/PhAT_JointLimitMaterial.uasset" 258
"../../../Engine/Content/EngineMaterials/PhysMat_Rubber.uasset" 259
"../../../Engine/Content/EngineMaterials/PreintegratedSkinBRDF.uasset" 260
"../../../Engine/Content/EngineMaterials/RemoveSurfaceMaterial.uasset" 261
"../../../Engine/Content/EngineMaterials/WeightMapPlaceholderTexture.uasset" 262
"../../../Engine/Content/EngineMaterials/Widget3DPassThrough.uasset" 263
"../../../Engine/Content/EngineMaterials/Widget3DPassThrough_Masked.uasset" 264
"../../../Engine/Content/EngineMaterials/Widget3DPassThrough_Opaque.uasset" 265
"../../../Engine/Content/EngineMaterials/Widget3DPassThrough_Masked_OneSided.uasset" 266
"../../../Engine/Content/EngineMaterials/Widget3DPassThrough_Opaque_OneSided.uasset" 267
"../../../Engine/Content/EngineMaterials/Widget3DPassThrough_Translucent.uasset" 268
"../../../Engine/Content/EngineMaterials/Widget3DPassThrough_Translucent_OneSided.uasset" 269
"../../../Engine/Content/EngineMeshes/Cube.uasset" 270
"../../../Engine/Content/EngineMeshes/Cylinder.uasset" 271
"../../../Engine/Content/EngineMeshes/Sphere.uasset" 272
"../../../Engine/Content/EngineResources/Black.uasset" 273
"../../../Engine/Content/EngineResources/DefaultTexture.uasset" 274
"../../../Engine/Content/EngineResources/DefaultTextureCube.uasset" 275
"../../../Engine/Content/EngineResources/GradientTexture0.uasset" 276
"../../../Engine/Content/EngineResources/StreamingPauseIcon.uasset" 277
"../../../Engine/Content/EngineResources/M_StreamingPause.uasset" 278
"../../../Engine/Content/EngineSounds/Master.uasset" 279
"../../../Engine/Content/Functions/Engine_MaterialFunctions01/Shading/PowerToRoughness.uasset" 280
"../../../Engine/Content/Engine_MI_Shaders/T_Emissive.uasset" 281
"../../../Engine/Content/Engine_MI_Shaders/T_Normal.uasset" 282
"../../../Engine/Content/Engine_MI_Shaders/T_Reflection.uasset" 283
"../../../Engine/Content/Engine_MI_Shaders/M_Shader_Simple.uasset" 284
"../../../Engine/Content/Functions/Engine_MaterialFunctions02/MacroUVs.uasset" 285
"../../../Engine/Content/Functions/Engine_MaterialFunctions02/HueShift.uasset" 286
"../../../Engine/Content/Functions/Engine_MaterialFunctions02/ExampleContent/HueShift_Mat.uasset" 287
"../../../Engine/Content/Functions/Engine_MaterialFunctions02/ExampleContent/HueShift_Inst.uasset" 288
"../../../Engine/Content/Functions/Engine_MaterialFunctions02/Math/MakeVectorsOrthogonal.uasset" 289
"../../../Engine/Content/Maps/Templates/Thumbnails/Default.uasset" 290
"../../../Engine/Content/Maps/Templates/Thumbnails/VR-Basic.uasset" 291
"../../../Engine/Content/MapTemplates/Sky/DaylightAmbientCubemap.uasset" 292
"../../../Engine/Content/MapTemplates/Sky/T_Sky_Stars.uasset" 293
"../../../Engine/Content/MapTemplates/Sky/T_UDK_Sky_CloudMask01_N.uasset" 294
"../../../Engine/Content/MapTemplates/T_UDK_Sky_CloudMask03.uasset" 295
"../../../Engine/Content/MapTemplates/Sky/M_Procedural_Sky_MASTER02.uasset" 296
"../../../Engine/Content/MapTemplates/Sky/M_Procedural_Sky_Afternoon.uasset" 297
"../../../Engine/Content/MobileResources/T_MobileControls_texture.uasset" 298
"../../../Engine/Content/MobileResources/T_MobileMenu2.uasset" 299
"../../../Engine/Content/MobileResources/HUD/AnalogHat.uasset" 300
"../../../Engine/Content/MobileResources/HUD/VirtualJoystick_Background.uasset" 301
"../../../Engine/Content/MobileResources/HUD/VirtualJoystick_Thumb.uasset" 302
"../../../Engine/Content/MobileResources/HUD/DefaultVirtualJoysticks.uasset" 303
"../../../Engine/Content/MobileResources/HUD/LeftVirtualJoystickOnly.uasset" 304
"../../../Engine/Content/MobileResources/HUD/MobileHUDButton1_off.uasset" 305
"../../../Engine/Content/MobileResources/HUD/MobileHUDButton1_on.uasset" 306
"../../../Engine/Content/MobileResources/HUD/MobileHUDButton2_off.uasset" 307
"../../../Engine/Content/MobileResources/HUD/MobileHUDButton2_on.uasset" 308
"../../../Engine/Content/MobileResources/HUD/MobileHUDButton3.uasset" 309
"../../../Engine/Content/MobileResources/HUD/MobileHUDButtonFire.uasset" 310
"../../../Engine/Content/MobileResources/HUD/MobileHUDDirectionPad.uasset" 311
"../../../Engine/Content/MobileResources/HUD/MobileHUDDirectionPad2.uasset" 312
"../../../Engine/Content/MobileResources/HUD/MobileHUDDirectionPad3.uasset" 313
"../../../Engine/Content/MobileResources/HUD/MobileHUDDirectionStick.uasset" 314
"../../../Engine/Content/MobileResources/HUD/T_Castle_ThumbstickInner.uasset" 315
"../../../Engine/Content/MobileResources/HUD/T_Castle_ThumbstickOutter.uasset" 316
"../../../Engine/Content/Tutorial/ContentIntroCurve.uasset" 317
"../../../Engine/Content/Tutorial/Audio/InterestingStuff.uasset" 318
"../../../Engine/Content/Tutorial/Basics/TutorialAssets/icon_tab_Levels_40x.uasset" 319
"../../../Engine/Content/Tutorial/BlueprintTutorials/TutorialAssets/BlueprintInterface_64x.uasset" 320
"../../../Engine/Content/Tutorial/BlueprintTutorials/TutorialAssets/BlueprintMacroLibrary_64x.uasset" 321
"../../../Engine/Content/Tutorial/BlueprintTutorials/TutorialAssets/Blueprint_64x.uasset" 322
"../../../Engine/Content/Tutorial/BlueprintTutorials/TutorialAssets/Tutorial_BP_Interface.uasset" 323
"../../../Engine/Content/Tutorial/Foliage/TutorialAssets/Foliage.uasset" 324
"../../../Engine/Content/Tutorial/Landscape/TutorialAssets/Landscape.uasset" 325
"../../../Engine/Content/Tutorial/Mobile/TutorialAssets/android_Icon.uasset" 326
"../../../Engine/Content/Tutorial/Paper2D/TutorialAssets/Paper2DFlipbook_TutorialIcon.uasset" 327
"../../../Engine/Content/Tutorial/Paper2D/TutorialAssets/Paper2DSprite_TutorialIcon.uasset" 328
"../../../Engine/Content/Tutorial/SubEditors/TutorialAssets/icon_Editor_Preferences_General_40x.uasset" 329
"../../../Engine/Content/Tutorial/SubEditors/TutorialAssets/icon_ShowSkeletalMeshes_40x.uasset" 330
"../../../Engine/Content/Tutorial/SubEditors/TutorialAssets/TutorialMaterial.uasset" 331
"../../../Engine/Content/Tutorial/SubEditors/TutorialAssets/T_SmokeSubUV_8X8.uasset" 332
"../../../Engine/Content/Tutorial/SubEditors/TutorialAssets/T_soft_smoke.uasset" 333
"../../../Engine/Content/Tutorial/SubEditors/TutorialAssets/M_smoke_subUV_blackbody.uasset" 334
"../../../Engine/Content/Tutorial/SubEditors/TutorialAssets/TutorialParticleSystem.uasset" 335
"../../../Engine/Content/EditorMeshes/EditorCube.uasset" 336
"../../../Engine/Content/Tutorial/SubEditors/TutorialAssets/Tutorial_DM.uasset" 337
"../../../Engine/Content/VREditor/Devices/Generic/GenericHMDMaterial.uasset" 338
"../../../Engine/Content/VREditor/Devices/Generic/GenericHMD.uasset" 339
"../../../Engine/Content/VREditor/FloatingText/LineMaterial.uasset" 340
"../../../Engine/Content/VREditor/FloatingText/JointSphere.uasset" 341
"../../../Engine/Content/VREditor/FloatingText/LineSegmentCylinder.uasset" 342
"../../../Engine/Content/VREditor/Fonts/VRText_RobotoLarge.uasset" 343
"../../../Engine/Content/VREditor/Fonts/VRTextMaterial.uasset" 344
"../../../Engine/Content/VREditor/Fonts/TranslucentVRTextMaterial.uasset" 345
"../../../Engine/Content/VREditor/LaserPointer/VR_LaserPower_01.uasset" 346
"../../../Engine/Content/VREditor/TransformGizmo/TransformGizmoMaterial.uasset" 347
"../../../Engine/Content/VREditor/LaserPointer/HoverMaterial.uasset" 348
"../../../Engine/Content/VREditor/TransformGizmo/TranslucentTransformGizmoMaterial.uasset" 349
"../../../Engine/Content/VREditor/LaserPointer/TranslucentHoverMaterial.uasset" 350
"../../../Engine/Content/VREditor/LaserPointer/HoverMesh.uasset" 351
"../../../Engine/Content/VREditor/LaserPointer/LaserPointerMaterial.uasset" 352
"../../../Engine/Content/VREditor/LaserPointer/LaserPointerMaterialInst.uasset" 353
"../../../Engine/Content/VREditor/LaserPointer/TranslucentLaserPointerMaterialInst.uasset" 354
"../../../Engine/Content/VREditor/LaserPointer/LaserPointerMesh.uasset" 355
"../../../Engine/Content/VREditor/LaserPointer/LaserPointerMesh_End.uasset" 356
"../../../Engine/Content/VREditor/LaserPointer/LaserPointerMesh_Start.uasset" 357
"../../../Engine/Content/Functions/Engine_MaterialFunctions02/Utility/BreakOutFloat3Components.uasset" 358
"../../../Engine/Content/Functions/Engine_MaterialFunctions02/Math/Transform3x3Matrix.uasset" 359
"../../../Engine/Content/Functions/Engine_MaterialFunctions02/SplitComponents.uasset" 360
"../../../Engine/Content/VREditor/SnapGrid/SnapGridMaterial.uasset" 361
"../../../Engine/Content/VREditor/SnapGrid/SnapGridPlaneMesh.uasset" 362
"../../../Engine/Content/VREditor/Sounds/VR_click1_Cue.uasset" 363
"../../../Engine/Content/VREditor/Sounds/VR_click2_Cue.uasset" 364
"../../../Engine/Content/VREditor/Sounds/VR_click3_Cue.uasset" 365
"../../../Engine/Content/VREditor/Sounds/VR_close_Cue.uasset" 366
"../../../Engine/Content/VREditor/Sounds/VR_confirm_Cue.uasset" 367
"../../../Engine/Content/VREditor/Sounds/VR_grab_Cue.uasset" 368
"../../../Engine/Content/VREditor/Sounds/VR_negative_Cue.uasset" 369
"../../../Engine/Content/VREditor/Sounds/VR_objectRotateLoop_01_Cue.uasset" 370
"../../../Engine/Content/VREditor/Sounds/VR_objectRotateLoop_02_Cue.uasset" 371
"../../../Engine/Content/VREditor/Sounds/VR_object_grabbed_loop_Cue.uasset" 372
"../../../Engine/Content/VREditor/Sounds/VR_open_Cue.uasset" 373
"../../../Engine/Content/VREditor/Sounds/VR_shep_scale_down_01_Cue.uasset" 374
"../../../Engine/Content/VREditor/Sounds/VR_shep_scale_down_02_Cue.uasset" 375
"../../../Engine/Content/VREditor/Sounds/VR_shep_scale_down_03_Cue.uasset" 376
"../../../Engine/Content/VREditor/Sounds/VR_shep_scale_down_04_Cue.uasset" 377
"../../../Engine/Content/VREditor/Sounds/VR_shep_scale_up_01_Cue.uasset" 378
"../../../Engine/Content/VREditor/Sounds/VR_shep_scale_up_02_Cue.uasset" 379
"../../../Engine/Content/VREditor/Sounds/VR_shep_scale_up_03_Cue.uasset" 380
"../../../Engine/Content/VREditor/Sounds/VR_shep_scale_up_04_Cue.uasset" 381
"../../../Engine/Content/VREditor/Sounds/VR_teleport_Cue.uasset" 382
"../../../Engine/Content/VREditor/Sounds/VR_ungrab_Cue.uasset" 383
"../../../Engine/Content/VREditor/Sounds/VR_WorldMoveLoop_01_Cue.uasset" 384
"../../../Engine/Content/VREditor/Sounds/VR_WorldMoveLoop_02_Cue.uasset" 385
"../../../Engine/Content/VREditor/Sounds/UI/Camera_Shutter.uasset" 386
"../../../Engine/Content/VREditor/Sounds/UI/Click_on_Button_Cue.uasset" 387
"../../../Engine/Content/VREditor/Sounds/UI/Dockable_Window_Close.uasset" 388
"../../../Engine/Content/VREditor/Sounds/UI/Dockable_Window_Drop.uasset" 389
"../../../Engine/Content/VREditor/Sounds/UI/Dockable_Window_Open.uasset" 390
"../../../Engine/Content/VREditor/Sounds/UI/Dockable_Window_Pick_Up.uasset" 391
"../../../Engine/Content/VREditor/Sounds/UI/Drop_Item_From_ContentBrowser.uasset" 392
"../../../Engine/Content/VREditor/Sounds/UI/Enter_Play.uasset" 393
"../../../Engine/Content/VREditor/Sounds/UI/Enter_Simulate.uasset" 394
"../../../Engine/Content/VREditor/Sounds/UI/Flashlight_Switch.uasset" 395
"../../../Engine/Content/VREditor/Sounds/UI/Floating_UI_Close-001.uasset" 396
"../../../Engine/Content/VREditor/Sounds/UI/Floating_UI_Close-002.uasset" 397
"../../../Engine/Content/VREditor/Sounds/UI/Floating_UI_Close.uasset" 398
"../../../Engine/Content/VREditor/Sounds/UI/Floating_UI_Open-001.uasset" 399
"../../../Engine/Content/VREditor/Sounds/UI/Floating_UI_Open-002.uasset" 400
"../../../Engine/Content/VREditor/Sounds/UI/Floating_UI_Open.uasset" 401
"../../../Engine/Content/VREditor/Sounds/UI/Foliage_Placed.uasset" 402
"../../../Engine/Content/VREditor/Sounds/UI/Gizmo_Handle_Clicked.uasset" 403
"../../../Engine/Content/VREditor/Sounds/UI/Invalid_Action.uasset" 404
"../../../Engine/Content/VREditor/Sounds/UI/Laser_Pull.uasset" 405
"../../../Engine/Content/VREditor/Sounds/UI/Laser_Push.uasset" 406
"../../../Engine/Content/VREditor/Sounds/UI/Leave_Simulate.uasset" 407
"../../../Engine/Content/VREditor/Sounds/UI/Object_PickUp.uasset" 408
"../../../Engine/Content/VREditor/Sounds/UI/Object_Snaps_To_Another_Actor.uasset" 409
"../../../Engine/Content/VREditor/Sounds/UI/Object_Snaps_To_Grid.uasset" 410
"../../../Engine/Content/VREditor/Sounds/UI/Radial_Menu_FadeOut.uasset" 411
"../../../Engine/Content/VREditor/Sounds/UI/Scaling_Down.uasset" 412
"../../../Engine/Content/VREditor/Sounds/UI/Scaling_Up.uasset" 413
"../../../Engine/Content/VREditor/Sounds/UI/Selection_Changes.uasset" 414
"../../../Engine/Content/VREditor/Sounds/UI/Teleport_Mode_Entered.uasset" 415
"../../../Engine/Content/VREditor/Teleport/TeleportDirectionMaterial.uasset" 416
"../../../Engine/Content/VREditor/Teleport/TeleportDirectionMaterial_Inst.uasset" 417
"../../../Engine/Content/VREditor/Teleport/TeleportDirectionMesh.uasset" 418
"../../../Engine/Content/VREditor/TransformGizmo/BoundingBoxCorner.uasset" 419
"../../../Engine/Content/VREditor/TransformGizmo/BoundingBoxEdge.uasset" 420
"../../../Engine/Content/VREditor/TransformGizmo/PlaneTranslationHandle.uasset" 421
"../../../Engine/Content/VREditor/TransformGizmo/RotationHandle.uasset" 422
"../../../Engine/Content/VREditor/TransformGizmo/RotationHandleFull.uasset" 423
"../../../Engine/Content/VREditor/TransformGizmo/RotationHandleIndicator.uasset" 424
"../../../Engine/Content/VREditor/TransformGizmo/RotationHandleQuarter.uasset" 425
"../../../Engine/Content/VREditor/TransformGizmo/Main.uasset" 426
"../../../Engine/Content/VREditor/TransformGizmo/Xray.uasset" 427
"../../../Engine/Content/VREditor/TransformGizmo/SM_Dialog_Close.uasset" 428
"../../../Engine/Content/VREditor/TransformGizmo/SM_Dialog_Move.uasset" 429
"../../../Engine/Content/VREditor/TransformGizmo/SM_Sequencer_Key.uasset" 430
"../../../Engine/Content/VREditor/TransformGizmo/StartRotationHandleIndicator.uasset" 431
"../../../Engine/Content/VREditor/TransformGizmo/TransformGizmoMaterial_Inst.uasset" 432
"../../../Engine/Content/VREditor/TransformGizmo/TranslateArrowHandle.uasset" 433
"../../../Engine/Content/VREditor/TransformGizmo/TranslationHandle.uasset" 434
"../../../Engine/Content/VREditor/TransformGizmo/TranslucentTransformGizmoMaterial_Inst.uasset" 435
"../../../Engine/Content/VREditor/TransformGizmo/UniformScaleHandle.uasset" 436
"../../../Engine/Content/VREditor/UI/KeyDiskMaterial.uasset" 437
"../../../Engine/Content/VREditor/UI/DiscMaterial.uasset" 438
"../../../Engine/Content/VREditor/UI/SM_Radial_Disk.uasset" 439
"../../../Engine/Content/Functions/Engine_MaterialFunctions01/Gradient/RadialGradient.uasset" 440
"../../../Engine/Content/VREditor/WorldMovementGrid/SimpleGrid.uasset" 441
"../../../Engine/Content/VREditor/WorldMovementGrid/GridMaterial.uasset" 442
"../../../Engine/Content/Functions/Engine_MaterialFunctions01/Density/ExponentialDensity.uasset" 443
"../../../Engine/Content/VREditor/WorldMovementGrid/GridPostProcess.uasset" 444
"../../../Engine/Content/EditorLandscapeResources/FlattenHeightMat.uasset" 445
"../../../Engine/Content/VREditor/WorldMovementGrid/PlaneMesh.uasset" 446
"../../../Engine/Plugins/2D/Paper2D/Content/DummySprite.uasset" 447
"../../../Engine/Plugins/2D/Paper2D/Content/DefaultPaperTerrainMaterial.uasset" 448
"../../../Engine/Plugins/2D/Paper2D/Content/DefaultSpriteMaterial.uasset" 449
"../../../Engine/Plugins/2D/Paper2D/Content/MaskedUnlitSpriteMaterial.uasset" 450
"../../../Engine/Plugins/2D/Paper2D/Content/OpaqueUnlitSpriteMaterial.uasset" 451
"../../../Engine/Plugins/2D/Paper2D/Content/PlaceholderTextures/DummySpriteTexture.uasset" 452
"../../../Engine/Plugins/Runtime/GearVR/Content/Textures/GearVRController_AO.uasset" 453
"../../../Engine/Plugins/Runtime/GearVR/Content/Textures/GearVRController_Color.uasset" 454
"../../../Engine/Plugins/Runtime/GearVR/Content/Textures/GearVRController_Normal.uasset" 455
"../../../Engine/Plugins/Runtime/GearVR/Content/Materials/GearVRControllerMaterial.uasset" 456
"../../../Engine/Plugins/Runtime/GearVR/Content/Meshes/GearVrController.uasset" 457
"../../../Engine/Content/EditorMaterials/CASC_Curve_2.uasset" 458
"../../../Engine/Content/EditorMaterials/CASC_Curve_2_Mat.uasset" 459
"../../../Engine/Content/Maps/Entry.umap" 460
"../../../ShadowOfDespair/Content/Blueprints/MainCamera.uasset" 461
"../../../ShadowOfDespair/Content/Blueprints/PickupSystem/BasePickup.uasset" 462
"../../../ShadowOfDespair/Content/Characters/Model/SodPlayer_Skeleton.uasset" 463
"../../../ShadowOfDespair/Content/Characters/Model/SOD_Player_Idle.uasset" 464
"../../../ShadowOfDespair/Content/Characters/Model/SOD_Player_Run.uasset" 465
"../../../ShadowOfDespair/Content/Characters/Model/SOD_Player_Walk.uasset" 466
"../../../ShadowOfDespair/Content/Characters/Model/SodPlayer_Skeleton_BlendSpace1D.uasset" 467
"../../../Engine/Content/EditorBlueprintResources/StandardMacros.uasset" 468
"../../../ShadowOfDespair/Content/Characters/Model/Anim_BP.uasset" 469
"../../../ShadowOfDespair/Content/Blueprints/PickupSystem/InventoryStructure.uasset" 470
"../../../ShadowOfDespair/Content/Blueprints/PickupSystem/Icons/Mirror.uasset" 471
"../../../ShadowOfDespair/Content/Blueprints/PickupSystem/itemDataUI.uasset" 472
"../../../ShadowOfDespair/Content/Blueprints/HUD_BP.uasset" 473
"../../../ShadowOfDespair/Content/Characters/Materials/SOD_Player_Colour.uasset" 474
"../../../ShadowOfDespair/Content/Characters/Materials/Mat_Player.uasset" 475
"../../../ShadowOfDespair/Content/Characters/Model/SodPlayer_PhysicsAsset.uasset" 476
"../../../ShadowOfDespair/Content/Characters/Model/SodPlayer.uasset" 477
"../../../ShadowOfDespair/Content/TopDownBP/Blueprints/ThirdPersonCharacter.uasset" 478
"../../../ShadowOfDespair/Content/Blueprints/PickupSystem/PickupOverlap.uasset" 479
"../../../ShadowOfDespair/Content/TopDownBP/Blueprints/ThirdPersonGameMode.uasset" 480
"../../../ShadowOfDespair/Content/TopDownBP/Maps/StartingLevel_BuiltData.uasset" 481
"../../../Engine/Content/BasicShapes/BasicShapeMaterial.uasset" 482
"../../../Engine/Content/EditorLandscapeResources/LandscapeGizmoHeight_Mat.uasset" 483
"../../../Engine/Content/EditorShapes/Textures/T_ShapeDiffuse.uasset" 484
"../../../Engine/Content/EditorShapes/Textures/T_ShapeNormal.uasset" 485
"../../../Engine/Content/EditorShapes/Materials/M_ShapeMaster.uasset" 486
"../../../Engine/Content/EditorShellMaterials/T_Base.uasset" 487
"../../../Engine/Content/EditorShellMaterials/T_BaseOverlay.uasset" 488
"../../../Engine/Content/EditorShellMaterials/M_ShellMaster.uasset" 489
"../../../Engine/Content/EngineMaterials/Grid_Mat.uasset" 490
"../../../Engine/Content/Functions/Engine_MaterialFunctions02/ExampleContent/Gradient.uasset" 491
"../../../Engine/Content/Functions/Engine_MaterialFunctions02/ExampleContent/Greyscale.uasset" 492
"../../../Engine/Content/Functions/Engine_MaterialFunctions02/Gradients/GradientMap_Multi.uasset" 493
"../../../Engine/Content/Functions/Engine_MaterialFunctions02/ExampleContent/GradientMap_Multi_Example.uasset" 494
"../../../Engine/Content/VREditor/BasicMeshes/T_CleanFloorGrunge_01_D.uasset" 495
"../../../Engine/Content/VREditor/BasicMeshes/M_Floor_01.uasset" 496
"../../../ShadowOfDespair/Content/Assets/Models/Mat_Light.uasset" 497
"../../../ShadowOfDespair/Content/Assets/Models/Mat_Light_.uasset" 498
"../../../Engine/Content/EditorMeshes/Camera/MI_RailRig.uasset" 499
"../../../Engine/Content/VREditor/UI/KeyMaterial.uasset" 500
"../../../Engine/Content/VREditor/UI/FrameMaterial.uasset" 501
"../../../Engine/Content/BasicShapes/Cube.uasset" 502
"../../../Engine/Content/EngineLightProfiles/Narrow10000.uasset" 503
"../../../Engine/Content/MapTemplates/daylight.uasset" 504
"../../../Engine/Content/VREditor/BasicMeshes/MI_Ball_01.uasset" 505
"../../../Engine/Content/VREditor/BasicMeshes/SM_Ball_01.uasset" 506
"../../../Engine/Content/VREditor/BasicMeshes/MI_Cube_01.uasset" 507
"../../../Engine/Content/VREditor/BasicMeshes/SM_Cube_01.uasset" 508
"../../../Engine/Content/VREditor/BasicMeshes/MI_Cube_02.uasset" 509
"../../../Engine/Content/VREditor/BasicMeshes/SM_Cube_02.uasset" 510
"../../../Engine/Content/VREditor/BasicMeshes/MI_Pyramid_01.uasset" 511
"../../../Engine/Content/VREditor/BasicMeshes/SM_Pyramid_01.uasset" 512
"../../../Engine/Content/VREditor/BasicMeshes/SM_Room_01.uasset" 513
"../../../ShadowOfDespair/Content/Assets/Materials/Mat_Light.uasset" 514
"../../../ShadowOfDespair/Content/Assets/Models/SOD_Bin_Asset.uasset" 515
"../../../ShadowOfDespair/Content/Assets/Models/SOD_Book_Asset.uasset" 516
"../../../ShadowOfDespair/Content/Assets/Models/SOD_Bookcase_Asset.uasset" 517
"../../../ShadowOfDespair/Content/Assets/Models/SOD_Carpet_Asset.uasset" 518
"../../../ShadowOfDespair/Content/Assets/Models/SOD_Chair_Asset.uasset" 519
"../../../ShadowOfDespair/Content/Assets/Models/SOD_Clock_Asset.uasset" 520
"../../../ShadowOfDespair/Content/Assets/Models/SOD_Computer_Asset.uasset" 521
"../../../ShadowOfDespair/Content/Assets/Models/SOD_Light_02.uasset" 522
"../../../ShadowOfDespair/Content/Assets/Models/SOD_Light_04.uasset" 523
"../../../ShadowOfDespair/Content/Assets/Textures/SOD_Mirror_Colour.uasset" 524
"../../../ShadowOfDespair/Content/Assets/Materials/Mat_Mirror.uasset" 525
"../../../ShadowOfDespair/Content/Assets/Models/SOD_Mirror_Asset.uasset" 526
"../../../ShadowOfDespair/Content/Assets/Materials/Mat_Mug.uasset" 527
"../../../ShadowOfDespair/Content/Assets/Models/SOD_Mug_Asset.uasset" 528
"../../../ShadowOfDespair/Content/Assets/Models/SOD_Painting_00_Asset.uasset" 529
"../../../ShadowOfDespair/Content/Assets/Textures/SOD_Table_Colour.uasset" 530
"../../../ShadowOfDespair/Content/Assets/Materials/Mat_Table.uasset" 531
"../../../ShadowOfDespair/Content/Assets/Models/SOD_Table_Asset.uasset" 532
"../../../ShadowOfDespair/Content/TopDownBP/Maps/StartingLevel.umap" 533
